<?xml version="1.0" encoding="UTF-8"?>
<!--
  ~ This program was produced for the U.S. Agency for International Development. It was prepared by the USAID | DELIVER PROJECT, Task Order 4. It is part of a project which utilizes code originally licensed under the terms of the Mozilla Public License (MPL) v2 and therefore is licensed under MPL v2 or later.
  ~
  ~ This program is free software: you can redistribute it and/or modify it under the terms of the Mozilla Public License as published by the Mozilla Foundation, either version 2 of the License, or (at your option) any later version.
  ~
  ~ This program is distributed in the hope that it will be useful, but WITHOUT ANY WARRANTY; without even the implied warranty of MERCHANTABILITY or FITNESS FOR A PARTICULAR PURPOSE. See the Mozilla Public License for more details.
  ~
  ~ You should have received a copy of the Mozilla Public License along with this program. If not, see http://www.mozilla.org/MPL/
  -->

<beans xmlns="http://www.springframework.org/schema/beans"
       xmlns:context="http://www.springframework.org/schema/context"
       xmlns:xsi="http://www.w3.org/2001/XMLSchema-instance"
       xsi:schemaLocation="http://www.springframework.org/schema/beans http://www.springframework.org/schema/beans/spring-beans-4.1.xsd
                           http://www.springframework.org/schema/context http://www.springframework.org/schema/context/spring-context-4.1.xsd">


    <context:annotation-config/>
    <context:spring-configured/>
    <import resource="classpath*:test-applicationContext-db.xml"/>

</beans>