<?xml version="1.0" encoding="UTF-8"?>


<beans xmlns="http://www.springframework.org/schema/beans"
       xmlns:context="http://www.springframework.org/schema/context" xmlns:tx="http://www.springframework.org/schema/tx"
       xsi:schemaLocation="http://www.springframework.org/schema/beans http://www.springframework.org/schema/beans/spring-beans-4.1.xsd
                           http://www.springframework.org/schema/context http://www.springframework.org/schema/context/spring-context-4.1.xsd
                           http://www.springframework.org/schema/context http://www.springframework.org/schema/integration http://www.springframework.org/schema/tx http://www.springframework.org/schema/tx/spring-tx-4.1.xsd"
       xmlns:xsi="http://www.w3.org/2001/XMLSchema-instance">

    <context:annotation-config/>
    <context:spring-configured/>

    <import resource="classpath*:test-applicationContext-db.xml"/>
    <import resource="classpath*:test-applicationContext-core.xml"/>

    <context:component-scan base-package="org.openlmis.help.Repository.mapper"/>

    <tx:annotation-driven proxy-target-class="true"/>

</beans>